<?xml version="1.0" encoding="UTF-8"?>
<!-- Generated by org.testng.reporters.JUnitReportReporter -->
<testsuite skipped="0" hostname="01HW547555" name="multipleWindow.HandleMultiWindow" tests="1" failures="0" timestamp="02 May 2020 06:34:24 GMT" time="20.904" errors="0">
  <testcase name="multiWindowHandleDemo" time="20.904" classname="multipleWindow.HandleMultiWindow"/>
</testsuite> <!-- multipleWindow.HandleMultiWindow -->
