<?xml version="1.0" encoding="UTF-8"?>
<!-- Generated by org.testng.reporters.JUnitReportReporter -->
<testsuite skipped="0" hostname="01HW547555" name="fileUpload.FileUploadDemo2" tests="1" failures="0" timestamp="03 May 2020 04:42:22 GMT" time="9.935" errors="0">
  <testcase name="fileUpload" time="9.935" classname="fileUpload.FileUploadDemo2"/>
</testsuite> <!-- fileUpload.FileUploadDemo2 -->
