<?xml version="1.0" encoding="UTF-8"?>
<!-- Generated by org.testng.reporters.JUnitReportReporter -->
<testsuite skipped="0" hostname="01HW547555" name="fileUpload.FileUploadDemo2" tests="1" failures="0" timestamp="30 Apr 2020 02:16:13 GMT" time="5.860" errors="0">
  <testcase name="fileUpload" time="5.860" classname="fileUpload.FileUploadDemo2"/>
</testsuite> <!-- fileUpload.FileUploadDemo2 -->
