<?xml version="1.0" encoding="UTF-8"?>
<!-- Generated by org.testng.reporters.JUnitReportReporter -->
<testsuite skipped="0" hostname="01HW547555" name="fileUpload.FileUploadDemo2" tests="1" failures="0" timestamp="02 May 2020 05:49:47 GMT" time="5.330" errors="0">
  <testcase name="fileUpload" time="5.330" classname="fileUpload.FileUploadDemo2"/>
</testsuite> <!-- fileUpload.FileUploadDemo2 -->
