<?xml version="1.0" encoding="UTF-8"?>
<!-- Generated by org.testng.reporters.JUnitReportReporter -->
<testsuite skipped="0" hostname="01HW547555" name="keyboardActivity.KeyBoardActionDemo2" tests="1" failures="0" timestamp="29 Apr 2020 17:42:10 GMT" time="11.057" errors="0">
  <testcase name="rightClickDemo" time="11.057" classname="keyboardActivity.KeyBoardActionDemo2"/>
</testsuite> <!-- keyboardActivity.KeyBoardActionDemo2 -->
