<?xml version="1.0" encoding="UTF-8"?>
<!-- Generated by org.testng.reporters.JUnitReportReporter -->
<testsuite skipped="0" hostname="01HW547555" name="multipleWindow.HandleMultiWindow" tests="1" failures="0" timestamp="03 May 2020 04:42:22 GMT" time="23.138" errors="0">
  <testcase name="multiWindowHandleDemo" time="23.138" classname="multipleWindow.HandleMultiWindow"/>
</testsuite> <!-- multipleWindow.HandleMultiWindow -->
