<?xml version="1.0" encoding="UTF-8"?>
<!-- Generated by org.testng.reporters.JUnitReportReporter -->
<testsuite skipped="0" hostname="01HW547555" name="keyboardActivity.KeyBoardActionDemo2" tests="1" failures="0" timestamp="2020-04-29T23:00:25 IST" time="12.582" errors="0">
  <testcase name="rightClickDemo" time="12.582" classname="keyboardActivity.KeyBoardActionDemo2"/>
</testsuite> <!-- keyboardActivity.KeyBoardActionDemo2 -->
